0.8257 	WARNING 	We strongly recommend you activate the PTB sound engine in PsychoPy prefs as the preferred audio engine. Its timing is vastly superior. Your prefs are currently set to use ['sounddevice', 'PTB', 'pyo', 'pygame'] (in that order).
5.3219 	WARNING 	User requested fullscreen with size [1024  768], but screen is actually [1920, 1080]. Using actual size
6.8870 	EXP 	Created window1 = Window(allowGUI=False, allowStencil=False, autoLog=True, backendConf=UNKNOWN, bitsMode=UNKNOWN, blendMode='avg', bpc=(8, 8, 8), color=array([0, 0, 0]), colorSpace='rgb', depthBits=8, fullscr=<method-wrapper '__getattribute__' of attributeSetter object at 0x000001B31517F198>, gamma=None, gammaErrorPolicy='raise', lms=UNKNOWN, monitor=<psychopy.monitors.calibTools.Monitor object at 0x000001B31514EB00>, multiSample=False, name='window1', numSamples=2, pos=[0.0, 0.0], screen=0, size=array([1920, 1080]), stencilBits=0, stereo=False, units='height', useFBO=True, useRetina=False, viewOri=0.0, viewPos=None, viewScale=None, waitBlanking=True, winType='pyglet')
6.8873 	EXP 	window1: mouseVisible = True
6.8873 	EXP 	window1: recordFrameIntervals = False
7.0535 	EXP 	window1: recordFrameIntervals = True
7.2370 	EXP 	window1: recordFrameIntervals = False
7.7086 	EXP 	Created instr_text = TextStim(__class__=<class 'psychopy.visual.text.TextStim'>, alignHoriz=method-wrapper(...), alignText='center', alignVert=method-wrapper(...), anchorHoriz='center', anchorVert='center', antialias=True, autoLog=True, bold=False, color=array([1, 1, 1]), colorSpace='rgb', contrast=1.0, depth=0.0, flipHoriz=False, flipVert=False, font='Open Sans', fontFiles=[], height=0.1, italic=False, languageStyle='LTR', name='instr_text', opacity=1, ori=0.0, pos=array([0., 0.]), rgb=UNKNOWN, text=str(...), units='height', win=Window(...), wrapWidth=1)
7.7116 	EXP 	Created fix = TextStim(__class__=<class 'psychopy.visual.text.TextStim'>, alignHoriz=method-wrapper(...), alignText='center', alignVert=method-wrapper(...), anchorHoriz='center', anchorVert='center', antialias=True, autoLog=True, bold=False, color=array([1, 1, 1]), colorSpace='rgb', contrast=1.0, depth=0.0, flipHoriz=False, flipVert=False, font='Open Sans', fontFiles=[], height=0.1, italic=False, languageStyle='LTR', name='fix', opacity=1, ori=0.0, pos=array([0., 0.]), rgb=UNKNOWN, text='+', units='height', win=Window(...), wrapWidth=1)
7.7187 	EXP 	Created grating = GratingStim(__class__=<class 'psychopy.visual.grating.GratingStim'>, autoDraw=False, autoLog=True, blendmode='avg', color=array([1, 1, 1]), colorSpace='rgb', contrast=1.0, depth=-1.0, interpolate=True, mask='circle', maskParams=None, name='grating', opacity=1, ori=0.0, phase=array([0., 0.]), pos=array([-0.7, -0.3]), rgbPedestal=array([0., 0., 0.]), sf=array([3., 3.]), size=array([0.2, 0.2]), tex='sin', texRes=128.0, units='height', win=Window(...))
7.7199 	EXP 	Created triplets = TextStim(__class__=<class 'psychopy.visual.text.TextStim'>, alignHoriz=method-wrapper(...), alignText='center', alignVert=method-wrapper(...), anchorHoriz='center', anchorVert='center', antialias=True, autoLog=True, bold=False, color=array([1, 1, 1]), colorSpace='rgb', contrast=1.0, depth=-2.0, flipHoriz=False, flipVert=False, font='Open Sans', fontFiles=[], height=0.5, italic=False, languageStyle='LTR', name='triplets', opacity=1, ori=0.0, pos=array([0., 0.]), rgb=UNKNOWN, text='', units='height', win=Window(...), wrapWidth=1)
7.7244 	EXP 	Created feedback = TextStim(__class__=<class 'psychopy.visual.text.TextStim'>, alignHoriz=method-wrapper(...), alignText='center', alignVert=method-wrapper(...), anchorHoriz='center', anchorVert='top', antialias=True, autoLog=True, bold=False, color=array([1, 1, 1]), colorSpace='rgb', contrast=1.0, depth=0.0, flipHoriz=False, flipVert=False, font='Arial', fontFiles=[], height=0.1, italic=False, languageStyle='LTR', name='feedback', opacity=1, ori=0, pos=array([0. , 0.3]), rgb=UNKNOWN, text='nonsense', units='height', win=Window(...), wrapWidth=1)
7.7403 	EXP 	Created task_instruct = TextStim(__class__=<class 'psychopy.visual.text.TextStim'>, alignHoriz=method-wrapper(...), alignText='center', alignVert=method-wrapper(...), anchorHoriz='center', anchorVert='center', antialias=True, autoLog=True, bold=False, color=array([1, 1, 1]), colorSpace='rgb', contrast=1.0, depth=0.0, flipHoriz=False, flipVert=False, font='Open Sans', fontFiles=[], height=0.1, italic=False, languageStyle='LTR', name='task_instruct', opacity=1, ori=0.0, pos=array([0., 0.]), rgb=UNKNOWN, text='now\nfor\nactual\ntask \ninstructions', units='height', win=Window(...), wrapWidth=1)
7.7425 	EXP 	Created fix_2 = TextStim(__class__=<class 'psychopy.visual.text.TextStim'>, alignHoriz=method-wrapper(...), alignText='center', alignVert=method-wrapper(...), anchorHoriz='center', anchorVert='center', antialias=True, autoLog=True, bold=False, color=array([1, 1, 1]), colorSpace='rgb', contrast=1.0, depth=0.0, flipHoriz=False, flipVert=False, font='Open Sans', fontFiles=[], height=0.1, italic=False, languageStyle='LTR', name='fix_2', opacity=1, ori=0.0, pos=array([0., 0.]), rgb=UNKNOWN, text='+', units='height', win=Window(...), wrapWidth=1)
7.7444 	EXP 	Created grating_2 = GratingStim(__class__=<class 'psychopy.visual.grating.GratingStim'>, autoDraw=False, autoLog=True, blendmode='avg', color=array([1, 1, 1]), colorSpace='rgb', contrast=1.0, depth=-1.0, interpolate=True, mask='circle', maskParams=None, name='grating_2', opacity=1, ori=0.0, phase=array([0., 0.]), pos=array([-0.7, -0.3]), rgbPedestal=array([0., 0., 0.]), sf=array([3., 3.]), size=array([0.2, 0.2]), tex='sin', texRes=128.0, units='height', win=Window(...))
7.7449 	EXP 	Created triplets_2 = TextStim(__class__=<class 'psychopy.visual.text.TextStim'>, alignHoriz=method-wrapper(...), alignText='center', alignVert=method-wrapper(...), anchorHoriz='center', anchorVert='center', antialias=True, autoLog=True, bold=False, color=array([1, 1, 1]), colorSpace='rgb', contrast=1.0, depth=-2.0, flipHoriz=False, flipVert=False, font='Open Sans', fontFiles=[], height=0.5, italic=False, languageStyle='LTR', name='triplets_2', opacity=1, ori=0.0, pos=array([0., 0.]), rgb=UNKNOWN, text='', units='height', win=Window(...), wrapWidth=1)
7.7530 	EXP 	Created thanks = TextStim(__class__=<class 'psychopy.visual.text.TextStim'>, alignHoriz=method-wrapper(...), alignText='center', alignVert=method-wrapper(...), anchorHoriz='center', anchorVert='center', antialias=True, autoLog=True, bold=False, color=array([1, 1, 1]), colorSpace='rgb', contrast=1.0, depth=0.0, flipHoriz=False, flipVert=False, font='Open Sans', fontFiles=[], height=0.1, italic=False, languageStyle='LTR', name='thanks', opacity=1, ori=0.0, pos=array([0., 0.]), rgb=UNKNOWN, text='thanks for playing!', units='height', win=Window(...), wrapWidth=1)
7.7833 	EXP 	instr_text: autoDraw = True
8.7240 	EXP 	Created sequence: sequential, trialTypes=20, nReps=1, seed=None
8.7242 	EXP 	New trial (rep=0, index=0): {'stim': '232'}
8.8314 	DATA 	Keypress: space
8.8337 	EXP 	instr_text: autoDraw = False
8.8337 	EXP 	triplets: text = '232'
9.3472 	EXP 	fix: autoDraw = True
9.3472 	EXP 	grating: autoDraw = True
9.3472 	EXP 	grating: tex = 'sin'
9.8377 	EXP 	triplets: autoDraw = True
9.8377 	EXP 	feedback: text = ''
9.8377 	EXP 	feedback: autoDraw = True
9.8544 	EXP 	fix: autoDraw = False
9.8544 	EXP 	grating: autoDraw = False
10.6486 	DATA 	Keypress: right
10.6542 	EXP 	feedback: text = 'Correct!'
10.6711 	EXP 	feedback: text = 'Correct!'
10.6877 	EXP 	feedback: text = 'Correct!'
10.7042 	EXP 	feedback: text = 'Correct!'
10.7210 	EXP 	feedback: text = 'Correct!'
10.7376 	EXP 	feedback: text = 'Correct!'
10.7544 	EXP 	feedback: text = 'Correct!'
10.7710 	EXP 	feedback: text = 'Correct!'
10.7876 	EXP 	feedback: text = 'Correct!'
10.8045 	EXP 	feedback: text = 'Correct!'
10.8212 	EXP 	feedback: text = 'Correct!'
10.8376 	EXP 	feedback: text = 'Correct!'
10.8544 	EXP 	feedback: text = 'Correct!'
10.8708 	EXP 	feedback: text = 'Correct!'
10.8877 	EXP 	feedback: text = 'Correct!'
10.9044 	EXP 	feedback: text = 'Correct!'
10.9210 	EXP 	feedback: text = 'Correct!'
10.9377 	EXP 	feedback: text = 'Correct!'
10.9545 	EXP 	feedback: text = 'Correct!'
10.9711 	EXP 	feedback: text = 'Correct!'
10.9877 	EXP 	feedback: text = 'Correct!'
11.0042 	EXP 	feedback: text = 'Correct!'
11.0209 	EXP 	feedback: text = 'Correct!'
11.0376 	EXP 	feedback: text = 'Correct!'
11.0544 	EXP 	feedback: text = 'Correct!'
11.0712 	EXP 	feedback: text = 'Correct!'
11.0877 	EXP 	feedback: text = 'Correct!'
11.1045 	EXP 	feedback: text = 'Correct!'
11.1210 	EXP 	feedback: text = 'Correct!'
11.1378 	EXP 	feedback: text = 'Correct!'
11.1544 	EXP 	feedback: text = 'Correct!'
11.1710 	EXP 	feedback: text = 'Correct!'
11.1877 	EXP 	feedback: text = 'Correct!'
11.2044 	EXP 	feedback: text = 'Correct!'
11.2212 	EXP 	feedback: text = 'Correct!'
11.2377 	EXP 	feedback: text = 'Correct!'
11.2544 	EXP 	feedback: text = 'Correct!'
11.2711 	EXP 	feedback: text = 'Correct!'
11.2877 	EXP 	feedback: text = 'Correct!'
11.3045 	EXP 	feedback: text = 'Correct!'
11.3212 	EXP 	feedback: text = 'Correct!'
11.3377 	EXP 	feedback: text = 'Correct!'
11.3544 	EXP 	feedback: text = 'Correct!'
11.3710 	EXP 	feedback: text = 'Correct!'
11.3877 	EXP 	feedback: text = 'Correct!'
11.4044 	EXP 	feedback: text = 'Correct!'
11.4211 	EXP 	feedback: text = 'Correct!'
11.4377 	EXP 	feedback: text = 'Correct!'
11.4544 	EXP 	feedback: text = 'Correct!'
11.4711 	EXP 	feedback: text = 'Correct!'
11.4876 	EXP 	feedback: text = 'Correct!'
11.5045 	EXP 	feedback: text = 'Correct!'
11.5211 	EXP 	feedback: text = 'Correct!'
11.5377 	EXP 	feedback: text = 'Correct!'
11.5544 	EXP 	feedback: text = 'Correct!'
11.5710 	EXP 	feedback: text = 'Correct!'
11.5877 	EXP 	feedback: text = 'Correct!'
11.6045 	EXP 	feedback: text = 'Correct!'
11.6211 	EXP 	feedback: text = 'Correct!'
11.6377 	EXP 	feedback: text = 'Correct!'
11.6544 	EXP 	feedback: text = 'Correct!'
11.6711 	EXP 	feedback: text = 'Correct!'
11.6878 	EXP 	feedback: text = 'Correct!'
11.7044 	EXP 	feedback: text = 'Correct!'
11.7210 	EXP 	feedback: text = 'Correct!'
11.7377 	EXP 	feedback: text = 'Correct!'
11.7544 	EXP 	feedback: text = 'Correct!'
11.7712 	EXP 	feedback: text = 'Correct!'
11.7877 	EXP 	feedback: text = 'Correct!'
11.8045 	EXP 	feedback: text = 'Correct!'
11.8211 	EXP 	feedback: text = 'Correct!'
11.8377 	EXP 	feedback: text = 'Correct!'
11.8545 	EXP 	feedback: text = 'Correct!'
11.8711 	EXP 	feedback: text = 'Correct!'
11.8876 	EXP 	feedback: text = 'Correct!'
11.9045 	EXP 	feedback: text = 'Correct!'
11.9213 	EXP 	feedback: text = 'Correct!'
11.9378 	EXP 	feedback: text = 'Correct!'
11.9545 	EXP 	feedback: text = 'Correct!'
11.9712 	EXP 	feedback: text = 'Correct!'
11.9877 	EXP 	feedback: text = 'Correct!'
12.0044 	EXP 	feedback: text = 'Correct!'
12.0212 	EXP 	feedback: text = 'Correct!'
12.0377 	EXP 	feedback: text = 'Correct!'
12.0545 	EXP 	feedback: text = 'Correct!'
12.0711 	EXP 	feedback: text = 'Correct!'
12.0876 	EXP 	feedback: text = 'Correct!'
12.1044 	EXP 	feedback: text = 'Correct!'
12.1210 	EXP 	feedback: text = 'Correct!'
12.1377 	EXP 	feedback: text = 'Correct!'
12.1544 	EXP 	feedback: text = 'Correct!'
12.1710 	EXP 	feedback: text = 'Correct!'
12.1877 	EXP 	feedback: text = 'Correct!'
12.2044 	EXP 	feedback: text = 'Correct!'
12.2212 	EXP 	feedback: text = 'Correct!'
12.2377 	EXP 	feedback: text = 'Correct!'
12.2545 	EXP 	feedback: text = 'Correct!'
12.2711 	EXP 	feedback: text = 'Correct!'
12.2877 	EXP 	feedback: text = 'Correct!'
12.3045 	EXP 	feedback: text = 'Correct!'
12.3212 	EXP 	feedback: text = 'Correct!'
12.3378 	EXP 	feedback: text = 'Correct!'
12.3545 	EXP 	feedback: text = 'Correct!'
12.3712 	EXP 	feedback: text = 'Correct!'
12.3877 	EXP 	feedback: text = 'Correct!'
12.4045 	EXP 	feedback: text = 'Correct!'
12.4211 	EXP 	feedback: text = 'Correct!'
12.4377 	EXP 	feedback: text = 'Correct!'
12.4544 	EXP 	feedback: text = 'Correct!'
12.4711 	EXP 	feedback: text = 'Correct!'
12.4878 	EXP 	feedback: text = 'Correct!'
12.5043 	EXP 	feedback: text = 'Correct!'
12.5211 	EXP 	feedback: text = 'Correct!'
12.5377 	EXP 	feedback: text = 'Correct!'
12.5545 	EXP 	feedback: text = 'Correct!'
12.5711 	EXP 	feedback: text = 'Correct!'
12.5879 	EXP 	feedback: text = 'Correct!'
12.6046 	EXP 	feedback: text = 'Correct!'
12.6211 	EXP 	feedback: text = 'Correct!'
12.6378 	EXP 	feedback: text = 'Correct!'
12.6544 	EXP 	feedback: text = 'Correct!'
12.6711 	EXP 	feedback: text = 'Correct!'
12.6877 	EXP 	feedback: text = 'Correct!'
12.7045 	EXP 	feedback: text = 'Correct!'
12.7211 	EXP 	feedback: text = 'Correct!'
12.7377 	EXP 	feedback: text = 'Correct!'
12.7389 	EXP 	New trial (rep=0, index=1): {'stim': '003'}
12.7534 	EXP 	fix: autoDraw = False
12.7534 	EXP 	grating: autoDraw = False
12.7534 	EXP 	triplets: autoDraw = False
12.7534 	EXP 	feedback: autoDraw = False
12.7534 	EXP 	triplets: text = '003'
13.2536 	EXP 	fix: autoDraw = True
13.2536 	EXP 	grating: autoDraw = True
13.7544 	EXP 	fix: autoDraw = False
13.7544 	EXP 	grating: autoDraw = False
13.7544 	EXP 	triplets: autoDraw = True
13.7544 	EXP 	feedback: text = ''
13.7544 	EXP 	feedback: autoDraw = True
14.4764 	DATA 	Keypress: right
14.5043 	EXP 	feedback: text = 'Correct!'
14.5211 	EXP 	feedback: text = 'Correct!'
14.5377 	EXP 	feedback: text = 'Correct!'
14.5545 	EXP 	feedback: text = 'Correct!'
14.5710 	EXP 	feedback: text = 'Correct!'
14.5878 	EXP 	feedback: text = 'Correct!'
14.6044 	EXP 	feedback: text = 'Correct!'
14.6211 	EXP 	feedback: text = 'Correct!'
14.6377 	EXP 	feedback: text = 'Correct!'
14.6545 	EXP 	feedback: text = 'Correct!'
14.6711 	EXP 	feedback: text = 'Correct!'
14.6878 	EXP 	feedback: text = 'Correct!'
14.7045 	EXP 	feedback: text = 'Correct!'
14.7211 	EXP 	feedback: text = 'Correct!'
14.7377 	EXP 	feedback: text = 'Correct!'
14.7544 	EXP 	feedback: text = 'Correct!'
14.7712 	EXP 	feedback: text = 'Correct!'
14.7877 	EXP 	feedback: text = 'Correct!'
14.8044 	EXP 	feedback: text = 'Correct!'
14.8213 	EXP 	feedback: text = 'Correct!'
14.8377 	EXP 	feedback: text = 'Correct!'
14.8548 	EXP 	feedback: text = 'Correct!'
14.8710 	EXP 	feedback: text = 'Correct!'
14.8878 	EXP 	feedback: text = 'Correct!'
14.9044 	EXP 	feedback: text = 'Correct!'
14.9211 	EXP 	feedback: text = 'Correct!'
14.9376 	EXP 	feedback: text = 'Correct!'
14.9545 	EXP 	feedback: text = 'Correct!'
14.9711 	EXP 	feedback: text = 'Correct!'
14.9877 	EXP 	feedback: text = 'Correct!'
15.0044 	EXP 	feedback: text = 'Correct!'
15.0211 	EXP 	feedback: text = 'Correct!'
15.0377 	EXP 	feedback: text = 'Correct!'
15.0545 	EXP 	feedback: text = 'Correct!'
15.0711 	EXP 	feedback: text = 'Correct!'
15.0877 	EXP 	feedback: text = 'Correct!'
15.1046 	EXP 	feedback: text = 'Correct!'
15.1211 	EXP 	feedback: text = 'Correct!'
15.1378 	EXP 	feedback: text = 'Correct!'
15.1544 	EXP 	feedback: text = 'Correct!'
15.1712 	EXP 	feedback: text = 'Correct!'
15.1877 	EXP 	feedback: text = 'Correct!'
15.2044 	EXP 	feedback: text = 'Correct!'
15.2210 	EXP 	feedback: text = 'Correct!'
15.2377 	EXP 	feedback: text = 'Correct!'
15.2543 	EXP 	feedback: text = 'Correct!'
15.2711 	EXP 	feedback: text = 'Correct!'
15.2876 	EXP 	feedback: text = 'Correct!'
15.3045 	EXP 	feedback: text = 'Correct!'
15.3212 	EXP 	feedback: text = 'Correct!'
15.3377 	EXP 	feedback: text = 'Correct!'
15.3546 	EXP 	feedback: text = 'Correct!'
15.3711 	EXP 	feedback: text = 'Correct!'
15.3878 	EXP 	feedback: text = 'Correct!'
15.4045 	EXP 	feedback: text = 'Correct!'
15.4210 	EXP 	feedback: text = 'Correct!'
15.4378 	EXP 	feedback: text = 'Correct!'
15.4545 	EXP 	feedback: text = 'Correct!'
15.4711 	EXP 	feedback: text = 'Correct!'
15.4877 	EXP 	feedback: text = 'Correct!'
15.5044 	EXP 	feedback: text = 'Correct!'
15.5211 	EXP 	feedback: text = 'Correct!'
15.5377 	EXP 	feedback: text = 'Correct!'
15.5545 	EXP 	feedback: text = 'Correct!'
15.5711 	EXP 	feedback: text = 'Correct!'
15.5877 	EXP 	feedback: text = 'Correct!'
15.6045 	EXP 	feedback: text = 'Correct!'
15.6212 	EXP 	feedback: text = 'Correct!'
15.6378 	EXP 	feedback: text = 'Correct!'
15.6545 	EXP 	feedback: text = 'Correct!'
15.6710 	EXP 	feedback: text = 'Correct!'
15.6876 	EXP 	feedback: text = 'Correct!'
15.7044 	EXP 	feedback: text = 'Correct!'
15.7211 	EXP 	feedback: text = 'Correct!'
15.7377 	EXP 	feedback: text = 'Correct!'
15.7544 	EXP 	feedback: text = 'Correct!'
15.7712 	EXP 	feedback: text = 'Correct!'
15.7878 	EXP 	feedback: text = 'Correct!'
15.8044 	EXP 	feedback: text = 'Correct!'
15.8211 	EXP 	feedback: text = 'Correct!'
15.8377 	EXP 	feedback: text = 'Correct!'
15.8545 	EXP 	feedback: text = 'Correct!'
15.8712 	EXP 	feedback: text = 'Correct!'
15.8878 	EXP 	feedback: text = 'Correct!'
15.9044 	EXP 	feedback: text = 'Correct!'
15.9210 	EXP 	feedback: text = 'Correct!'
15.9377 	EXP 	feedback: text = 'Correct!'
15.9544 	EXP 	feedback: text = 'Correct!'
15.9711 	EXP 	feedback: text = 'Correct!'
15.9878 	EXP 	feedback: text = 'Correct!'
16.0045 	EXP 	feedback: text = 'Correct!'
16.0211 	EXP 	feedback: text = 'Correct!'
16.0377 	EXP 	feedback: text = 'Correct!'
16.0544 	EXP 	feedback: text = 'Correct!'
16.0712 	EXP 	feedback: text = 'Correct!'
16.0878 	EXP 	feedback: text = 'Correct!'
16.1045 	EXP 	feedback: text = 'Correct!'
16.1210 	EXP 	feedback: text = 'Correct!'
16.1377 	EXP 	feedback: text = 'Correct!'
16.1545 	EXP 	feedback: text = 'Correct!'
16.1711 	EXP 	feedback: text = 'Correct!'
16.1877 	EXP 	feedback: text = 'Correct!'
16.2043 	EXP 	feedback: text = 'Correct!'
16.2210 	EXP 	feedback: text = 'Correct!'
16.2377 	EXP 	feedback: text = 'Correct!'
16.2544 	EXP 	feedback: text = 'Correct!'
16.2711 	EXP 	feedback: text = 'Correct!'
16.2877 	EXP 	feedback: text = 'Correct!'
16.3044 	EXP 	feedback: text = 'Correct!'
16.3212 	EXP 	feedback: text = 'Correct!'
16.3379 	EXP 	feedback: text = 'Correct!'
16.3546 	EXP 	feedback: text = 'Correct!'
16.3711 	EXP 	feedback: text = 'Correct!'
16.3876 	EXP 	feedback: text = 'Correct!'
16.4044 	EXP 	feedback: text = 'Correct!'
16.4210 	EXP 	feedback: text = 'Correct!'
16.4376 	EXP 	feedback: text = 'Correct!'
16.4544 	EXP 	feedback: text = 'Correct!'
16.4711 	EXP 	feedback: text = 'Correct!'
16.4877 	EXP 	feedback: text = 'Correct!'
16.5044 	EXP 	feedback: text = 'Correct!'
16.5211 	EXP 	feedback: text = 'Correct!'
16.5377 	EXP 	feedback: text = 'Correct!'
16.5544 	EXP 	feedback: text = 'Correct!'
16.5711 	EXP 	feedback: text = 'Correct!'
16.5880 	EXP 	feedback: text = 'Correct!'
16.6044 	EXP 	feedback: text = 'Correct!'
16.6211 	EXP 	feedback: text = 'Correct!'
16.6378 	EXP 	feedback: text = 'Correct!'
16.6544 	EXP 	feedback: text = 'Correct!'
16.6711 	EXP 	feedback: text = 'Correct!'
16.6876 	EXP 	feedback: text = 'Correct!'
16.7044 	EXP 	feedback: text = 'Correct!'
16.7211 	EXP 	feedback: text = 'Correct!'
16.7377 	EXP 	feedback: text = 'Correct!'
16.7386 	EXP 	New trial (rep=0, index=2): {'stim': '003'}
16.7535 	EXP 	fix: autoDraw = False
16.7535 	EXP 	grating: autoDraw = False
16.7535 	EXP 	triplets: autoDraw = False
16.7535 	EXP 	feedback: autoDraw = False
16.7535 	EXP 	triplets: text = '003'
17.2369 	EXP 	fix: autoDraw = True
17.2369 	EXP 	grating: autoDraw = True
17.7376 	EXP 	fix: autoDraw = False
17.7376 	EXP 	grating: autoDraw = False
17.7376 	EXP 	triplets: autoDraw = True
17.7376 	EXP 	feedback: text = ''
17.7376 	EXP 	feedback: autoDraw = True
18.3677 	DATA 	Keypress: left
18.3711 	EXP 	feedback: text = 'Oops, incorrect :('
18.3877 	EXP 	feedback: text = 'Oops, incorrect :('
18.4044 	EXP 	feedback: text = 'Oops, incorrect :('
18.4211 	EXP 	feedback: text = 'Oops, incorrect :('
18.4378 	EXP 	feedback: text = 'Oops, incorrect :('
18.4544 	EXP 	feedback: text = 'Oops, incorrect :('
18.4712 	EXP 	feedback: text = 'Oops, incorrect :('
18.4877 	EXP 	feedback: text = 'Oops, incorrect :('
18.5044 	EXP 	feedback: text = 'Oops, incorrect :('
18.5212 	EXP 	feedback: text = 'Oops, incorrect :('
18.5378 	EXP 	feedback: text = 'Oops, incorrect :('
18.5544 	EXP 	feedback: text = 'Oops, incorrect :('
18.5711 	EXP 	feedback: text = 'Oops, incorrect :('
18.5878 	EXP 	feedback: text = 'Oops, incorrect :('
18.6045 	EXP 	feedback: text = 'Oops, incorrect :('
18.6212 	EXP 	feedback: text = 'Oops, incorrect :('
18.6378 	EXP 	feedback: text = 'Oops, incorrect :('
18.6545 	EXP 	feedback: text = 'Oops, incorrect :('
18.6713 	EXP 	feedback: text = 'Oops, incorrect :('
18.6878 	EXP 	feedback: text = 'Oops, incorrect :('
18.7045 	EXP 	feedback: text = 'Oops, incorrect :('
18.7212 	EXP 	feedback: text = 'Oops, incorrect :('
18.7379 	EXP 	feedback: text = 'Oops, incorrect :('
18.7544 	EXP 	feedback: text = 'Oops, incorrect :('
18.7711 	EXP 	feedback: text = 'Oops, incorrect :('
18.7877 	EXP 	feedback: text = 'Oops, incorrect :('
18.8045 	EXP 	feedback: text = 'Oops, incorrect :('
18.8212 	EXP 	feedback: text = 'Oops, incorrect :('
18.8378 	EXP 	feedback: text = 'Oops, incorrect :('
18.8546 	EXP 	feedback: text = 'Oops, incorrect :('
18.8712 	EXP 	feedback: text = 'Oops, incorrect :('
18.8878 	EXP 	feedback: text = 'Oops, incorrect :('
18.9044 	EXP 	feedback: text = 'Oops, incorrect :('
18.9212 	EXP 	feedback: text = 'Oops, incorrect :('
18.9378 	EXP 	feedback: text = 'Oops, incorrect :('
18.9546 	EXP 	feedback: text = 'Oops, incorrect :('
18.9712 	EXP 	feedback: text = 'Oops, incorrect :('
18.9878 	EXP 	feedback: text = 'Oops, incorrect :('
19.0044 	EXP 	feedback: text = 'Oops, incorrect :('
19.0211 	EXP 	feedback: text = 'Oops, incorrect :('
19.0377 	EXP 	feedback: text = 'Oops, incorrect :('
19.0544 	EXP 	feedback: text = 'Oops, incorrect :('
19.0711 	EXP 	feedback: text = 'Oops, incorrect :('
19.0878 	EXP 	feedback: text = 'Oops, incorrect :('
19.1046 	EXP 	feedback: text = 'Oops, incorrect :('
19.1211 	EXP 	feedback: text = 'Oops, incorrect :('
19.1379 	EXP 	feedback: text = 'Oops, incorrect :('
19.1547 	EXP 	feedback: text = 'Oops, incorrect :('
19.1712 	EXP 	feedback: text = 'Oops, incorrect :('
19.1878 	EXP 	feedback: text = 'Oops, incorrect :('
19.2044 	EXP 	feedback: text = 'Oops, incorrect :('
19.2212 	EXP 	feedback: text = 'Oops, incorrect :('
19.2377 	EXP 	feedback: text = 'Oops, incorrect :('
19.2546 	EXP 	feedback: text = 'Oops, incorrect :('
19.2712 	EXP 	feedback: text = 'Oops, incorrect :('
19.2878 	EXP 	feedback: text = 'Oops, incorrect :('
19.3045 	EXP 	feedback: text = 'Oops, incorrect :('
19.3213 	EXP 	feedback: text = 'Oops, incorrect :('
19.3379 	EXP 	feedback: text = 'Oops, incorrect :('
19.3548 	EXP 	feedback: text = 'Oops, incorrect :('
19.3712 	EXP 	feedback: text = 'Oops, incorrect :('
19.3877 	EXP 	feedback: text = 'Oops, incorrect :('
19.4045 	EXP 	feedback: text = 'Oops, incorrect :('
19.4211 	EXP 	feedback: text = 'Oops, incorrect :('
19.4377 	EXP 	feedback: text = 'Oops, incorrect :('
19.4543 	EXP 	feedback: text = 'Oops, incorrect :('
19.4711 	EXP 	feedback: text = 'Oops, incorrect :('
19.4878 	EXP 	feedback: text = 'Oops, incorrect :('
19.5045 	EXP 	feedback: text = 'Oops, incorrect :('
19.5212 	EXP 	feedback: text = 'Oops, incorrect :('
19.5379 	EXP 	feedback: text = 'Oops, incorrect :('
19.5549 	EXP 	feedback: text = 'Oops, incorrect :('
19.5713 	EXP 	feedback: text = 'Oops, incorrect :('
19.5878 	EXP 	feedback: text = 'Oops, incorrect :('
19.6046 	EXP 	feedback: text = 'Oops, incorrect :('
19.6212 	EXP 	feedback: text = 'Oops, incorrect :('
19.6378 	EXP 	feedback: text = 'Oops, incorrect :('
19.6545 	EXP 	feedback: text = 'Oops, incorrect :('
19.6713 	EXP 	feedback: text = 'Oops, incorrect :('
19.6876 	EXP 	feedback: text = 'Oops, incorrect :('
19.7043 	EXP 	feedback: text = 'Oops, incorrect :('
19.7209 	EXP 	feedback: text = 'Oops, incorrect :('
19.7376 	EXP 	feedback: text = 'Oops, incorrect :('
19.7542 	EXP 	feedback: text = 'Oops, incorrect :('
19.7709 	EXP 	feedback: text = 'Oops, incorrect :('
19.7877 	EXP 	feedback: text = 'Oops, incorrect :('
19.8043 	EXP 	feedback: text = 'Oops, incorrect :('
19.8209 	EXP 	feedback: text = 'Oops, incorrect :('
19.8377 	EXP 	feedback: text = 'Oops, incorrect :('
19.8543 	EXP 	feedback: text = 'Oops, incorrect :('
19.8709 	EXP 	feedback: text = 'Oops, incorrect :('
19.8877 	EXP 	feedback: text = 'Oops, incorrect :('
19.9043 	EXP 	feedback: text = 'Oops, incorrect :('
19.9210 	EXP 	feedback: text = 'Oops, incorrect :('
19.9376 	EXP 	feedback: text = 'Oops, incorrect :('
19.9544 	EXP 	feedback: text = 'Oops, incorrect :('
19.9711 	EXP 	feedback: text = 'Oops, incorrect :('
19.9877 	EXP 	feedback: text = 'Oops, incorrect :('
20.0045 	EXP 	feedback: text = 'Oops, incorrect :('
20.0212 	EXP 	feedback: text = 'Oops, incorrect :('
20.0377 	EXP 	feedback: text = 'Oops, incorrect :('
20.0544 	EXP 	feedback: text = 'Oops, incorrect :('
20.0711 	EXP 	feedback: text = 'Oops, incorrect :('
20.0879 	EXP 	feedback: text = 'Oops, incorrect :('
20.1047 	EXP 	feedback: text = 'Oops, incorrect :('
20.1212 	EXP 	feedback: text = 'Oops, incorrect :('
20.1377 	EXP 	feedback: text = 'Oops, incorrect :('
20.1546 	EXP 	feedback: text = 'Oops, incorrect :('
20.1711 	EXP 	feedback: text = 'Oops, incorrect :('
20.1878 	EXP 	feedback: text = 'Oops, incorrect :('
20.2046 	EXP 	feedback: text = 'Oops, incorrect :('
20.2211 	EXP 	feedback: text = 'Oops, incorrect :('
20.2378 	EXP 	feedback: text = 'Oops, incorrect :('
20.2545 	EXP 	feedback: text = 'Oops, incorrect :('
20.2711 	EXP 	feedback: text = 'Oops, incorrect :('
20.2878 	EXP 	feedback: text = 'Oops, incorrect :('
20.3047 	EXP 	feedback: text = 'Oops, incorrect :('
20.3212 	EXP 	feedback: text = 'Oops, incorrect :('
20.3378 	EXP 	feedback: text = 'Oops, incorrect :('
20.3545 	EXP 	feedback: text = 'Oops, incorrect :('
20.3712 	EXP 	feedback: text = 'Oops, incorrect :('
20.3878 	EXP 	feedback: text = 'Oops, incorrect :('
20.4044 	EXP 	feedback: text = 'Oops, incorrect :('
20.4212 	EXP 	feedback: text = 'Oops, incorrect :('
20.4378 	EXP 	feedback: text = 'Oops, incorrect :('
20.4546 	EXP 	feedback: text = 'Oops, incorrect :('
20.4712 	EXP 	feedback: text = 'Oops, incorrect :('
20.4879 	EXP 	feedback: text = 'Oops, incorrect :('
20.5047 	EXP 	feedback: text = 'Oops, incorrect :('
20.5212 	EXP 	feedback: text = 'Oops, incorrect :('
20.5378 	EXP 	feedback: text = 'Oops, incorrect :('
20.5546 	EXP 	feedback: text = 'Oops, incorrect :('
20.5713 	EXP 	feedback: text = 'Oops, incorrect :('
20.5877 	EXP 	feedback: text = 'Oops, incorrect :('
20.6044 	EXP 	feedback: text = 'Oops, incorrect :('
20.6212 	EXP 	feedback: text = 'Oops, incorrect :('
20.6378 	EXP 	feedback: text = 'Oops, incorrect :('
20.6546 	EXP 	feedback: text = 'Oops, incorrect :('
20.6712 	EXP 	feedback: text = 'Oops, incorrect :('
20.6879 	EXP 	feedback: text = 'Oops, incorrect :('
20.7047 	EXP 	feedback: text = 'Oops, incorrect :('
20.7212 	EXP 	feedback: text = 'Oops, incorrect :('
20.7242 	EXP 	New trial (rep=0, index=3): {'stim': '003'}
20.7368 	EXP 	triplets: autoDraw = False
20.7368 	EXP 	feedback: autoDraw = False
20.7368 	EXP 	fix: autoDraw = False
20.7368 	EXP 	grating: autoDraw = False
20.7368 	EXP 	triplets: autoDraw = False
20.7368 	EXP 	feedback: autoDraw = False
20.7368 	EXP 	triplets: text = '003'
21.2203 	EXP 	fix: autoDraw = True
21.2203 	EXP 	grating: autoDraw = True
21.7210 	EXP 	fix: autoDraw = False
21.7210 	EXP 	grating: autoDraw = False
21.7210 	EXP 	triplets: autoDraw = True
21.7210 	EXP 	feedback: text = ''
21.7210 	EXP 	feedback: autoDraw = True
24.7070 	EXP 	New trial (rep=0, index=4): {'stim': '003'}
24.7202 	EXP 	triplets: autoDraw = False
24.7202 	EXP 	feedback: autoDraw = False
24.7202 	EXP 	fix: autoDraw = False
24.7202 	EXP 	grating: autoDraw = False
24.7202 	EXP 	triplets: autoDraw = False
24.7202 	EXP 	feedback: autoDraw = False
24.7202 	EXP 	triplets: text = '003'
25.2035 	EXP 	fix: autoDraw = True
25.2035 	EXP 	grating: autoDraw = True
25.7044 	EXP 	fix: autoDraw = False
25.7044 	EXP 	grating: autoDraw = False
25.7044 	EXP 	triplets: autoDraw = True
25.7044 	EXP 	feedback: text = ''
25.7044 	EXP 	feedback: autoDraw = True
28.6897 	EXP 	New trial (rep=0, index=5): {'stim': '211'}
28.7058 	EXP 	triplets: autoDraw = False
28.7058 	EXP 	feedback: autoDraw = False
28.7058 	EXP 	fix: autoDraw = False
28.7058 	EXP 	grating: autoDraw = False
28.7058 	EXP 	triplets: autoDraw = False
28.7058 	EXP 	feedback: autoDraw = False
28.7058 	EXP 	triplets: text = '211'
29.2036 	EXP 	fix: autoDraw = True
29.2036 	EXP 	grating: autoDraw = True
29.7043 	EXP 	fix: autoDraw = False
29.7043 	EXP 	grating: autoDraw = False
29.7043 	EXP 	triplets: autoDraw = True
29.7043 	EXP 	feedback: text = ''
29.7043 	EXP 	feedback: autoDraw = True
32.6897 	EXP 	New trial (rep=0, index=6): {'stim': '131'}
32.7034 	EXP 	triplets: autoDraw = False
32.7034 	EXP 	feedback: autoDraw = False
32.7034 	EXP 	fix: autoDraw = False
32.7034 	EXP 	grating: autoDraw = False
32.7034 	EXP 	triplets: autoDraw = False
32.7034 	EXP 	feedback: autoDraw = False
32.7034 	EXP 	triplets: text = '131'
33.1869 	EXP 	fix: autoDraw = True
33.1869 	EXP 	grating: autoDraw = True
33.6876 	EXP 	fix: autoDraw = False
33.6876 	EXP 	grating: autoDraw = False
33.6876 	EXP 	triplets: autoDraw = True
33.6876 	EXP 	feedback: text = ''
33.6876 	EXP 	feedback: autoDraw = True
36.6740 	EXP 	New trial (rep=0, index=7): {'stim': '322'}
36.6867 	EXP 	triplets: autoDraw = False
36.6867 	EXP 	feedback: autoDraw = False
36.6867 	EXP 	fix: autoDraw = False
36.6867 	EXP 	grating: autoDraw = False
36.6867 	EXP 	triplets: autoDraw = False
36.6867 	EXP 	feedback: autoDraw = False
36.6867 	EXP 	triplets: text = '322'
37.1703 	EXP 	fix: autoDraw = True
37.1703 	EXP 	grating: autoDraw = True
37.6711 	EXP 	fix: autoDraw = False
37.6711 	EXP 	grating: autoDraw = False
37.6711 	EXP 	triplets: autoDraw = True
37.6711 	EXP 	feedback: text = ''
37.6711 	EXP 	feedback: autoDraw = True
40.6567 	EXP 	New trial (rep=0, index=8): {'stim': '020'}
40.6702 	EXP 	triplets: autoDraw = False
40.6702 	EXP 	feedback: autoDraw = False
40.6702 	EXP 	fix: autoDraw = False
40.6702 	EXP 	grating: autoDraw = False
40.6702 	EXP 	triplets: autoDraw = False
40.6702 	EXP 	feedback: autoDraw = False
40.6702 	EXP 	triplets: text = '020'
41.1537 	EXP 	fix: autoDraw = True
41.1537 	EXP 	grating: autoDraw = True
41.6545 	EXP 	fix: autoDraw = False
41.6545 	EXP 	grating: autoDraw = False
41.6545 	EXP 	triplets: autoDraw = True
41.6545 	EXP 	feedback: text = ''
41.6545 	EXP 	feedback: autoDraw = True
44.6398 	EXP 	New trial (rep=0, index=9): {'stim': '322'}
44.6535 	EXP 	triplets: autoDraw = False
44.6535 	EXP 	feedback: autoDraw = False
44.6535 	EXP 	fix: autoDraw = False
44.6535 	EXP 	grating: autoDraw = False
44.6535 	EXP 	triplets: autoDraw = False
44.6535 	EXP 	feedback: autoDraw = False
44.6535 	EXP 	triplets: text = '322'
45.1369 	EXP 	fix: autoDraw = True
45.1369 	EXP 	grating: autoDraw = True
45.6377 	EXP 	fix: autoDraw = False
45.6377 	EXP 	grating: autoDraw = False
45.6377 	EXP 	triplets: autoDraw = True
45.6377 	EXP 	feedback: text = ''
45.6377 	EXP 	feedback: autoDraw = True
48.6229 	EXP 	New trial (rep=0, index=10): {'stim': '332'}
48.6369 	EXP 	triplets: autoDraw = False
48.6369 	EXP 	feedback: autoDraw = False
48.6369 	EXP 	fix: autoDraw = False
48.6369 	EXP 	grating: autoDraw = False
48.6369 	EXP 	triplets: autoDraw = False
48.6369 	EXP 	feedback: autoDraw = False
48.6369 	EXP 	triplets: text = '332'
49.1202 	EXP 	fix: autoDraw = True
49.1202 	EXP 	grating: autoDraw = True
49.6211 	EXP 	fix: autoDraw = False
49.6211 	EXP 	grating: autoDraw = False
49.6211 	EXP 	triplets: autoDraw = True
49.6211 	EXP 	feedback: text = ''
49.6211 	EXP 	feedback: autoDraw = True
52.6073 	EXP 	New trial (rep=0, index=11): {'stim': '311'}
52.6202 	EXP 	triplets: autoDraw = False
52.6202 	EXP 	feedback: autoDraw = False
52.6202 	EXP 	fix: autoDraw = False
52.6202 	EXP 	grating: autoDraw = False
52.6202 	EXP 	triplets: autoDraw = False
52.6202 	EXP 	feedback: autoDraw = False
52.6202 	EXP 	triplets: text = '311'
53.1036 	EXP 	fix: autoDraw = True
53.1036 	EXP 	grating: autoDraw = True
53.6044 	EXP 	fix: autoDraw = False
53.6044 	EXP 	grating: autoDraw = False
53.6044 	EXP 	triplets: autoDraw = True
53.6044 	EXP 	feedback: text = ''
53.6044 	EXP 	feedback: autoDraw = True
56.5906 	EXP 	New trial (rep=0, index=12): {'stim': '003'}
56.6035 	EXP 	triplets: autoDraw = False
56.6035 	EXP 	feedback: autoDraw = False
56.6035 	EXP 	fix: autoDraw = False
56.6035 	EXP 	grating: autoDraw = False
56.6035 	EXP 	triplets: autoDraw = False
56.6035 	EXP 	feedback: autoDraw = False
56.6035 	EXP 	triplets: text = '003'
57.0870 	EXP 	fix: autoDraw = True
57.0870 	EXP 	grating: autoDraw = True
57.5876 	EXP 	fix: autoDraw = False
57.5876 	EXP 	grating: autoDraw = False
57.5876 	EXP 	triplets: autoDraw = True
57.5876 	EXP 	feedback: text = ''
57.5876 	EXP 	feedback: autoDraw = True
60.5742 	EXP 	New trial (rep=0, index=13): {'stim': '003'}
60.5868 	EXP 	triplets: autoDraw = False
60.5868 	EXP 	feedback: autoDraw = False
60.5868 	EXP 	fix: autoDraw = False
60.5868 	EXP 	grating: autoDraw = False
60.5868 	EXP 	triplets: autoDraw = False
60.5868 	EXP 	feedback: autoDraw = False
60.5868 	EXP 	triplets: text = '003'
61.0703 	EXP 	fix: autoDraw = True
61.0703 	EXP 	grating: autoDraw = True
61.5709 	EXP 	fix: autoDraw = False
61.5709 	EXP 	grating: autoDraw = False
61.5709 	EXP 	triplets: autoDraw = True
61.5709 	EXP 	feedback: text = ''
61.5709 	EXP 	feedback: autoDraw = True
64.5573 	EXP 	New trial (rep=0, index=14): {'stim': '322'}
64.5702 	EXP 	triplets: autoDraw = False
64.5702 	EXP 	feedback: autoDraw = False
64.5702 	EXP 	fix: autoDraw = False
64.5702 	EXP 	grating: autoDraw = False
64.5702 	EXP 	triplets: autoDraw = False
64.5702 	EXP 	feedback: autoDraw = False
64.5702 	EXP 	triplets: text = '322'
65.0536 	EXP 	fix: autoDraw = True
65.0536 	EXP 	grating: autoDraw = True
65.5544 	EXP 	fix: autoDraw = False
65.5544 	EXP 	grating: autoDraw = False
65.5544 	EXP 	triplets: autoDraw = True
65.5544 	EXP 	feedback: text = ''
65.5544 	EXP 	feedback: autoDraw = True
68.5397 	EXP 	New trial (rep=0, index=15): {'stim': '100'}
68.5534 	EXP 	triplets: autoDraw = False
68.5534 	EXP 	feedback: autoDraw = False
68.5534 	EXP 	fix: autoDraw = False
68.5534 	EXP 	grating: autoDraw = False
68.5534 	EXP 	triplets: autoDraw = False
68.5534 	EXP 	feedback: autoDraw = False
68.5534 	EXP 	triplets: text = '100'
69.0369 	EXP 	fix: autoDraw = True
69.0369 	EXP 	grating: autoDraw = True
69.5374 	EXP 	fix: autoDraw = False
69.5374 	EXP 	grating: autoDraw = False
69.5374 	EXP 	triplets: autoDraw = True
69.5374 	EXP 	feedback: text = ''
69.5374 	EXP 	feedback: autoDraw = True
72.5239 	EXP 	New trial (rep=0, index=16): {'stim': '221'}
72.5368 	EXP 	triplets: autoDraw = False
72.5368 	EXP 	feedback: autoDraw = False
72.5368 	EXP 	fix: autoDraw = False
72.5368 	EXP 	grating: autoDraw = False
72.5368 	EXP 	triplets: autoDraw = False
72.5368 	EXP 	feedback: autoDraw = False
72.5368 	EXP 	triplets: text = '221'
73.0203 	EXP 	fix: autoDraw = True
73.0203 	EXP 	grating: autoDraw = True
73.5209 	EXP 	fix: autoDraw = False
73.5209 	EXP 	grating: autoDraw = False
73.5209 	EXP 	triplets: autoDraw = True
73.5209 	EXP 	feedback: text = ''
73.5209 	EXP 	feedback: autoDraw = True
76.5072 	EXP 	New trial (rep=0, index=17): {'stim': '020'}
76.5201 	EXP 	triplets: autoDraw = False
76.5201 	EXP 	feedback: autoDraw = False
76.5201 	EXP 	fix: autoDraw = False
76.5201 	EXP 	grating: autoDraw = False
76.5201 	EXP 	triplets: autoDraw = False
76.5201 	EXP 	feedback: autoDraw = False
76.5201 	EXP 	triplets: text = '020'
77.0034 	EXP 	fix: autoDraw = True
77.0034 	EXP 	grating: autoDraw = True
77.5044 	EXP 	fix: autoDraw = False
77.5044 	EXP 	grating: autoDraw = False
77.5044 	EXP 	triplets: autoDraw = True
77.5044 	EXP 	feedback: text = ''
77.5044 	EXP 	feedback: autoDraw = True
80.4896 	EXP 	New trial (rep=0, index=18): {'stim': '100'}
80.5036 	EXP 	triplets: autoDraw = False
80.5036 	EXP 	feedback: autoDraw = False
80.5036 	EXP 	fix: autoDraw = False
80.5036 	EXP 	grating: autoDraw = False
80.5036 	EXP 	triplets: autoDraw = False
80.5036 	EXP 	feedback: autoDraw = False
80.5036 	EXP 	triplets: text = '100'
80.5385 	DATA 	Keypress: lctrl
80.5570 	DATA 	Keypress: lwindows
80.9881 	EXP 	fix: autoDraw = True
80.9881 	EXP 	grating: autoDraw = True
81.4877 	EXP 	fix: autoDraw = False
81.4877 	EXP 	grating: autoDraw = False
81.4877 	EXP 	triplets: autoDraw = True
81.4877 	EXP 	feedback: text = ''
81.4877 	EXP 	feedback: autoDraw = True
84.5216 	EXP 	New trial (rep=0, index=19): {'stim': '233'}
84.5272 	EXP 	triplets: autoDraw = False
84.5272 	EXP 	feedback: autoDraw = False
84.5272 	EXP 	fix: autoDraw = False
84.5272 	EXP 	grating: autoDraw = False
84.5272 	EXP 	triplets: autoDraw = False
84.5272 	EXP 	feedback: autoDraw = False
84.5272 	EXP 	triplets: text = '233'
85.0221 	EXP 	fix: autoDraw = True
85.0221 	EXP 	grating: autoDraw = True
85.5222 	EXP 	fix: autoDraw = False
85.5222 	EXP 	grating: autoDraw = False
85.5222 	EXP 	triplets: autoDraw = True
85.5222 	EXP 	feedback: text = ''
85.5222 	EXP 	feedback: autoDraw = True
88.5215 	EXP 	triplets: autoDraw = False
88.5215 	EXP 	feedback: autoDraw = False
88.5215 	EXP 	fix: autoDraw = False
88.5215 	EXP 	grating: autoDraw = False
88.5215 	EXP 	triplets: autoDraw = False
88.5215 	EXP 	feedback: autoDraw = False
88.5215 	EXP 	task_instruct: autoDraw = True
116.7497 	EXP 	Created sequence: random, trialTypes=200, nReps=200, seed=None
116.7508 	EXP 	New trial (rep=0, index=0): {'stim': '322'}
116.7569 	EXP 	task_instruct: autoDraw = False
116.7569 	EXP 	triplets_2: text = '322'
117.2558 	EXP 	fix_2: autoDraw = True
117.2558 	EXP 	grating_2: autoDraw = True
117.2558 	EXP 	grating_2: tex = 'sin'
117.7557 	EXP 	fix_2: autoDraw = False
117.7557 	EXP 	grating_2: autoDraw = False
117.7557 	EXP 	triplets_2: autoDraw = True
120.7851 	EXP 	New trial (rep=0, index=1): {'stim': '100'}
120.7903 	EXP 	triplets_2: autoDraw = False
120.7903 	EXP 	fix_2: autoDraw = False
120.7903 	EXP 	grating_2: autoDraw = False
120.7903 	EXP 	triplets_2: autoDraw = False
120.7903 	EXP 	triplets_2: text = '100'
121.2879 	EXP 	fix_2: autoDraw = True
121.2879 	EXP 	grating_2: autoDraw = True
121.7890 	EXP 	fix_2: autoDraw = False
121.7890 	EXP 	grating_2: autoDraw = False
121.7890 	EXP 	triplets_2: autoDraw = True
124.7603 	EXP 	New trial (rep=0, index=2): {'stim': '003'}
124.7715 	EXP 	fix_2: autoDraw = False
124.7715 	EXP 	grating_2: autoDraw = False
124.7715 	EXP 	triplets_2: autoDraw = False
124.7715 	EXP 	triplets_2: text = '003'
125.2550 	EXP 	fix_2: autoDraw = True
125.2550 	EXP 	grating_2: autoDraw = True
125.7558 	EXP 	fix_2: autoDraw = False
125.7558 	EXP 	grating_2: autoDraw = False
125.7558 	EXP 	triplets_2: autoDraw = True
128.7447 	EXP 	New trial (rep=0, index=3): {'stim': '232'}
128.7546 	EXP 	triplets_2: autoDraw = False
128.7546 	EXP 	fix_2: autoDraw = False
128.7546 	EXP 	grating_2: autoDraw = False
128.7546 	EXP 	triplets_2: autoDraw = False
128.7546 	EXP 	triplets_2: text = '232'
129.2381 	EXP 	fix_2: autoDraw = True
129.2381 	EXP 	grating_2: autoDraw = True
129.7399 	EXP 	fix_2: autoDraw = False
129.7399 	EXP 	grating_2: autoDraw = False
129.7399 	EXP 	triplets_2: autoDraw = True
132.7279 	EXP 	New trial (rep=0, index=4): {'stim': '221'}
132.7381 	EXP 	triplets_2: autoDraw = False
132.7381 	EXP 	fix_2: autoDraw = False
132.7381 	EXP 	grating_2: autoDraw = False
132.7381 	EXP 	triplets_2: autoDraw = False
132.7381 	EXP 	triplets_2: text = '221'
133.2216 	EXP 	fix_2: autoDraw = True
133.2216 	EXP 	grating_2: autoDraw = True
133.7222 	EXP 	fix_2: autoDraw = False
133.7222 	EXP 	grating_2: autoDraw = False
133.7222 	EXP 	triplets_2: autoDraw = True
136.7116 	EXP 	New trial (rep=0, index=5): {'stim': '003'}
136.7215 	EXP 	triplets_2: autoDraw = False
136.7215 	EXP 	fix_2: autoDraw = False
136.7215 	EXP 	grating_2: autoDraw = False
136.7215 	EXP 	triplets_2: autoDraw = False
136.7215 	EXP 	triplets_2: text = '003'
137.2049 	EXP 	fix_2: autoDraw = True
137.2049 	EXP 	grating_2: autoDraw = True
137.7057 	EXP 	fix_2: autoDraw = False
137.7057 	EXP 	grating_2: autoDraw = False
137.7057 	EXP 	triplets_2: autoDraw = True
140.7062 	EXP 	New trial (rep=0, index=6): {'stim': '020'}
140.7109 	EXP 	triplets_2: autoDraw = False
140.7109 	EXP 	fix_2: autoDraw = False
140.7109 	EXP 	grating_2: autoDraw = False
140.7109 	EXP 	triplets_2: autoDraw = False
140.7109 	EXP 	triplets_2: text = '020'
141.2049 	EXP 	fix_2: autoDraw = True
141.2049 	EXP 	grating_2: autoDraw = True
141.7056 	EXP 	fix_2: autoDraw = False
141.7056 	EXP 	grating_2: autoDraw = False
141.7056 	EXP 	triplets_2: autoDraw = True
144.6967 	EXP 	New trial (rep=0, index=7): {'stim': '221'}
144.7047 	EXP 	triplets_2: autoDraw = False
144.7047 	EXP 	fix_2: autoDraw = False
144.7047 	EXP 	grating_2: autoDraw = False
144.7047 	EXP 	triplets_2: autoDraw = False
144.7047 	EXP 	triplets_2: text = '221'
145.2052 	EXP 	fix_2: autoDraw = True
145.2052 	EXP 	grating_2: autoDraw = True
145.7063 	EXP 	fix_2: autoDraw = False
145.7063 	EXP 	grating_2: autoDraw = False
145.7063 	EXP 	triplets_2: autoDraw = True
148.6955 	EXP 	New trial (rep=0, index=8): {'stim': '003'}
148.7047 	EXP 	triplets_2: autoDraw = False
148.7047 	EXP 	fix_2: autoDraw = False
148.7047 	EXP 	grating_2: autoDraw = False
148.7047 	EXP 	triplets_2: autoDraw = False
148.7047 	EXP 	triplets_2: text = '003'
149.1881 	EXP 	fix_2: autoDraw = True
149.1881 	EXP 	grating_2: autoDraw = True
149.6890 	EXP 	fix_2: autoDraw = False
149.6890 	EXP 	grating_2: autoDraw = False
149.6890 	EXP 	triplets_2: autoDraw = True
152.6779 	EXP 	New trial (rep=0, index=9): {'stim': '100'}
152.6881 	EXP 	triplets_2: autoDraw = False
152.6881 	EXP 	fix_2: autoDraw = False
152.6881 	EXP 	grating_2: autoDraw = False
152.6881 	EXP 	triplets_2: autoDraw = False
152.6881 	EXP 	triplets_2: text = '100'
153.1722 	EXP 	fix_2: autoDraw = True
153.1722 	EXP 	grating_2: autoDraw = True
153.6723 	EXP 	fix_2: autoDraw = False
153.6723 	EXP 	grating_2: autoDraw = False
153.6723 	EXP 	triplets_2: autoDraw = True
154.6839 	EXP 	window1: mouseVisible = True
